# JRE version: OpenJDK Runtime Environment Temurin-26.0.2+10 (26.0.2+10) (build 26.0.2+10)
# Java VM: OpenJDK 64-Bit Server VM Temurin-26.0.2+10 (26.0.2+10, mixed mode, sharing, tiered, compressed oops, compressed class ptrs, g1 gc, windows-amd64)
GC Precious Log:
 CardTable entry size: 512
 Card Set container configuration: InlinePtr #cards 4 size 8 Array Of Cards #cards 16 size 48 Howl #buckets 8 coarsen threshold 3686 Howl Bitmap #cards 512 size 80 coarsen threshold 460 Card regions per heap region 1 cards per card region 4096
 CPUs: 4 total, 4 available
 Memory: 16263M
 Large Page Support: Disabled
 NUMA Support: Disabled
 Compressed Oops: Enabled (Zero based)
 Heap Region Size: 2M
 Heap Min Capacity: 8M
 Heap Initial Capacity: 8M
 Heap Max Capacity: 4066M
 Pre-touch: Disabled
 Parallel Workers: 4
 Concurrent Workers: 1
 Concurrent Refinement Workers: 4
 Periodic GC: Disabled
Heap:
 garbage-first heap   total reserved 4163584K, committed 28672K, used 11169K [0x0000000701e00000, 0x0000000800000000)
  region size 2M, 5 eden (10M), 1 survivor (2M), 2 old (4M), 0 humongous (0M), 6 free (12M)
GC Heap Usage History (10 events):
Event: 3.182 {heap Before GC invocations=0 (full 0):
 garbage-first heap   total reserved 4163584K, committed 10240K, used 5279K [0x0000000701e00000, 0x0000000800000000)
  region size 2M, 2 eden (4M), 0 survivor (0M), 1 old (2M), 0 humongous (0M), 2 free (4M)
}
Event: 3.185 {heap After GC invocations=1 (full 0):
 garbage-first heap   total reserved 4163584K, committed 10240K, used 2183K [0x0000000701e00000, 0x0000000800000000)
  region size 2M, 0 eden (0M), 1 survivor (2M), 1 old (2M), 0 humongous (0M), 3 free (6M)
}
Event: 3.233 {heap Before GC invocations=1 (full 0):
 garbage-first heap   total reserved 4163584K, committed 10240K, used 4231K [0x0000000701e00000, 0x0000000800000000)
  region size 2M, 1 eden (2M), 1 survivor (2M), 1 old (2M), 0 humongous (0M), 2 free (4M)
}
Event: 3.235 {heap After GC invocations=2 (full 0):
 garbage-first heap   total reserved 4163584K, committed 10240K, used 2775K [0x0000000701e00000, 0x0000000800000000)
  region size 2M, 0 eden (0M), 1 survivor (2M), 1 old (2M), 0 humongous (0M), 3 free (6M)
}
Event: 3.301 {heap Before GC invocations=2 (full 0):
 garbage-first heap   total reserved 4163584K, committed 10240K, used 4823K [0x0000000701e00000, 0x0000000800000000)
  region size 2M, 1 eden (2M), 1 survivor (2M), 1 old (2M), 0 humongous (0M), 2 free (4M)
}
Event: 3.303 {heap After GC invocations=3 (full 0):
 garbage-first heap   total reserved 4163584K, committed 10240K, used 2735K [0x0000000701e00000, 0x0000000800000000)
  region size 2M, 0 eden (0M), 1 survivor (2M), 2 old (4M), 0 humongous (0M), 2 free (4M)
}
Event: 3.379 {heap Before GC invocations=3 (full 0):
 garbage-first heap   total reserved 4163584K, committed 10240K, used 4783K [0x0000000701e00000, 0x0000000800000000)
  region size 2M, 1 eden (2M), 1 survivor (2M), 2 old (4M), 0 humongous (0M), 1 free (2M)
}
Event: 3.380 {heap After GC invocations=4 (full 0):
 garbage-first heap   total reserved 4163584K, committed 10240K, used 2936K [0x0000000701e00000, 0x0000000800000000)
  region size 2M, 0 eden (0M), 1 survivor (2M), 2 old (4M), 0 humongous (0M), 2 free (4M)
}
Event: 3.467 {heap Before GC invocations=4 (full 0):
 garbage-first heap   total reserved 4163584K, committed 10240K, used 2936K [0x0000000701e00000, 0x0000000800000000)
  region size 2M, 1 eden (2M), 1 survivor (2M), 2 old (4M), 0 humongous (0M), 1 free (2M)
}
Event: 3.468 {heap After GC invocations=5 (full 0):
 garbage-first heap   total reserved 4163584K, committed 28672K, used 2977K [0x0000000701e00000, 0x0000000800000000)
  region size 2M, 0 eden (0M), 1 survivor (2M), 2 old (4M), 0 humongous (0M), 11 free (22M)
}

